This is pdfTeX, Version 3.14159265-2.6-1.40.20 (MiKTeX 2.9.7140 64-bit) (preloaded format=pdflatex 2019.8.6)  16 AUG 2019 22:55
entering extended mode
**./main.tex
(main.tex
LaTeX2e <2018-12-01>
("C:\Program Files\MiKTeX 2.9\tex/latex/base\book.cls"
Document Class: book 2018/09/03 v1.4i Standard LaTeX document class
("C:\Program Files\MiKTeX 2.9\tex/latex/base\bk10.clo"
File: bk10.clo 2018/09/03 v1.4i Standard LaTeX file (size option)
)
\c@part=\count80
\c@chapter=\count81
\c@section=\count82
\c@subsection=\count83
\c@subsubsection=\count84
\c@paragraph=\count85
\c@subparagraph=\count86
\c@figure=\count87
\c@table=\count88
\abovecaptionskip=\skip41
\belowcaptionskip=\skip42
\bibindent=\dimen102
)
("C:\Program Files\MiKTeX 2.9\tex/latex/base\inputenc.sty"
Package: inputenc 2018/08/11 v1.3c Input encoding file
\inpenc@prehook=\toks14
\inpenc@posthook=\toks15
)
("C:\Program Files\MiKTeX 2.9\tex/latex/base\fontenc.sty"
Package: fontenc 2018/08/11 v2.0j Standard LaTeX package

("C:\Program Files\MiKTeX 2.9\tex/latex/base\t1enc.def"
File: t1enc.def 2018/08/11 v2.0j Standard LaTeX file
LaTeX Font Info:    Redeclaring font encoding T1 on input line 48.
))
("C:\Program Files\MiKTeX 2.9\tex/latex/eurosym\eurosym.sty"
Package: eurosym 1998/08/06 v1.1 European currency symbol ``Euro''
\@eurobox=\box27
)
("C:\Program Files\MiKTeX 2.9\tex/latex/biblatex\biblatex.sty"
Package: biblatex 2018/11/02 v3.12 programmable bibliographies (PK/MW)

("C:\Program Files\MiKTeX 2.9\tex/generic/oberdiek\pdftexcmds.sty"
Package: pdftexcmds 2019/07/25 v0.30 Utility functions of pdfTeX for LuaTeX (HO
)

("C:\Program Files\MiKTeX 2.9\tex/generic/oberdiek\infwarerr.sty"
Package: infwarerr 2016/05/16 v1.4 Providing info/warning/error messages (HO)
)
("C:\Program Files\MiKTeX 2.9\tex/generic/oberdiek\ifluatex.sty"
Package: ifluatex 2016/05/16 v1.4 Provides the ifluatex switch (HO)
Package ifluatex Info: LuaTeX not detected.
)
("C:\Program Files\MiKTeX 2.9\tex/generic/oberdiek\ltxcmds.sty"
Package: ltxcmds 2016/05/16 v1.23 LaTeX kernel commands for general use (HO)
)
("C:\Program Files\MiKTeX 2.9\tex/generic/oberdiek\ifpdf.sty"
Package: ifpdf 2018/09/07 v3.3 Provides the ifpdf switch
)
Package pdftexcmds Info: LuaTeX not detected.
Package pdftexcmds Info: \pdf@primitive is available.
Package pdftexcmds Info: \pdf@ifprimitive is available.
Package pdftexcmds Info: \pdfdraftmode found.
)
("C:\Program Files\MiKTeX 2.9\tex/latex/etoolbox\etoolbox.sty"
Package: etoolbox 2018/08/19 v2.5f e-TeX tools for LaTeX (JAW)
\etb@tempcnta=\count89
)
("C:\Program Files\MiKTeX 2.9\tex/latex/graphics\keyval.sty"
Package: keyval 2014/10/28 v1.15 key=value parser (DPC)
\KV@toks@=\toks16
)
("C:\Program Files\MiKTeX 2.9\tex/latex/oberdiek\kvoptions.sty"
Package: kvoptions 2016/05/16 v3.12 Key value format for package options (HO)

("C:\Program Files\MiKTeX 2.9\tex/generic/oberdiek\kvsetkeys.sty"
Package: kvsetkeys 2016/05/16 v1.17 Key value parser (HO)

("C:\Program Files\MiKTeX 2.9\tex/generic/oberdiek\etexcmds.sty"
Package: etexcmds 2016/05/16 v1.6 Avoid name clashes with e-TeX commands (HO)
)))
("C:\Program Files\MiKTeX 2.9\tex/latex/logreq\logreq.sty"
Package: logreq 2010/08/04 v1.0 xml request logger
\lrq@indent=\count90

("C:\Program Files\MiKTeX 2.9\tex/latex/logreq\logreq.def"
File: logreq.def 2010/08/04 v1.0 logreq spec v1.0
))
("C:\Program Files\MiKTeX 2.9\tex/latex/base\ifthen.sty"
Package: ifthen 2014/09/29 v1.1c Standard LaTeX ifthen package (DPC)
)
("C:\Program Files\MiKTeX 2.9\tex/latex/url\url.sty"
\Urlmuskip=\muskip10
Package: url 2013/09/16  ver 3.4  Verb mode for urls, etc.
)
\c@tabx@nest=\count91
\c@listtotal=\count92
\c@listcount=\count93
\c@liststart=\count94
\c@liststop=\count95
\c@citecount=\count96
\c@citetotal=\count97
\c@multicitecount=\count98
\c@multicitetotal=\count99
\c@instcount=\count100
\c@maxnames=\count101
\c@minnames=\count102
\c@maxitems=\count103
\c@minitems=\count104
\c@citecounter=\count105
\c@maxcitecounter=\count106
\c@savedcitecounter=\count107
\c@uniquelist=\count108
\c@uniquename=\count109
\c@refsection=\count110
\c@refsegment=\count111
\c@maxextratitle=\count112
\c@maxextratitleyear=\count113
\c@maxextraname=\count114
\c@maxextradate=\count115
\c@maxextraalpha=\count116
\c@abbrvpenalty=\count117
\c@highnamepenalty=\count118
\c@lownamepenalty=\count119
\c@maxparens=\count120
\c@parenlevel=\count121
\blx@tempcnta=\count122
\blx@tempcntb=\count123
\blx@tempcntc=\count124
\blx@maxsection=\count125
\blx@maxsegment@0=\count126
\blx@notetype=\count127
\blx@parenlevel@text=\count128
\blx@parenlevel@foot=\count129
\blx@sectionciteorder@0=\count130
\blx@entrysetcounter=\count131
\labelnumberwidth=\skip43
\labelalphawidth=\skip44
\biblabelsep=\skip45
\bibitemsep=\skip46
\bibnamesep=\skip47
\bibinitsep=\skip48
\bibparsep=\skip49
\bibhang=\skip50
\blx@bcfin=\read1
\blx@bcfout=\write3
\c@mincomprange=\count132
\c@maxcomprange=\count133
\c@mincompwidth=\count134
Package biblatex Info: Trying to load biblatex default data model...
Package biblatex Info: ... file 'blx-dm.def' found.

("C:\Program Files\MiKTeX 2.9\tex/latex/biblatex\blx-dm.def"
File: blx-dm.def 2018/11/02 v3.12 biblatex localization (PK/MW)
)
Package biblatex Info: Trying to load biblatex custom data model...
Package biblatex Info: ... file 'biblatex-dm.cfg' not found.
\c@afterword=\count135
\c@savedafterword=\count136
\c@annotator=\count137
\c@savedannotator=\count138
\c@author=\count139
\c@savedauthor=\count140
\c@bookauthor=\count141
\c@savedbookauthor=\count142
\c@commentator=\count143
\c@savedcommentator=\count144
\c@editor=\count145
\c@savededitor=\count146
\c@editora=\count147
\c@savededitora=\count148
\c@editorb=\count149
\c@savededitorb=\count150
\c@editorc=\count151
\c@savededitorc=\count152
\c@foreword=\count153
\c@savedforeword=\count154
\c@holder=\count155
\c@savedholder=\count156
\c@introduction=\count157
\c@savedintroduction=\count158
\c@namea=\count159
\c@savednamea=\count160
\c@nameb=\count161
\c@savednameb=\count162
\c@namec=\count163
\c@savednamec=\count164
\c@translator=\count165
\c@savedtranslator=\count166
\c@shortauthor=\count167
\c@savedshortauthor=\count168
\c@shorteditor=\count169
\c@savedshorteditor=\count170
\c@labelname=\count171
\c@savedlabelname=\count172
\c@institution=\count173
\c@savedinstitution=\count174
\c@lista=\count175
\c@savedlista=\count176
\c@listb=\count177
\c@savedlistb=\count178
\c@listc=\count179
\c@savedlistc=\count180
\c@listd=\count181
\c@savedlistd=\count182
\c@liste=\count183
\c@savedliste=\count184
\c@listf=\count185
\c@savedlistf=\count186
\c@location=\count187
\c@savedlocation=\count188
\c@organization=\count189
\c@savedorganization=\count190
\c@origlocation=\count191
\c@savedoriglocation=\count192
\c@origpublisher=\count193
\c@savedorigpublisher=\count194
\c@publisher=\count195
\c@savedpublisher=\count196
\c@language=\count197
\c@savedlanguage=\count198
\c@origlanguage=\count199
\c@savedoriglanguage=\count266
\c@pageref=\count267
\c@savedpageref=\count268
\shorthandwidth=\skip51
\shortjournalwidth=\skip52
\shortserieswidth=\skip53
\shorttitlewidth=\skip54
\shortauthorwidth=\skip55
\shorteditorwidth=\skip56
\locallabelnumberwidth=\skip57
\locallabelalphawidth=\skip58
\localshorthandwidth=\skip59
\localshortjournalwidth=\skip60
\localshortserieswidth=\skip61
\localshorttitlewidth=\skip62
\localshortauthorwidth=\skip63
\localshorteditorwidth=\skip64
Package biblatex Info: Trying to load compatibility code...
Package biblatex Info: ... file 'blx-compat.def' found.

("C:\Program Files\MiKTeX 2.9\tex/latex/biblatex\blx-compat.def"
File: blx-compat.def 2018/11/02 v3.12 biblatex compatibility (PK/MW)
)
Package biblatex Info: Trying to load generic definitions...
Package biblatex Info: ... file 'biblatex.def' found.

("C:\Program Files\MiKTeX 2.9\tex/latex/biblatex\biblatex.def"
File: biblatex.def 2018/11/02 v3.12 biblatex compatibility (PK/MW)
\c@textcitecount=\count269
\c@textcitetotal=\count270
\c@textcitemaxnames=\count271
\c@biburlnumpenalty=\count272
\c@biburlucpenalty=\count273
\c@biburllcpenalty=\count274
\c@smartand=\count275
)
Package biblatex Info: Trying to load bibliography style 'numeric'...
Package biblatex Info: ... file 'numeric.bbx' found.

("C:\Program Files\MiKTeX 2.9\tex/latex/biblatex/bbx\numeric.bbx"
File: numeric.bbx 2018/11/02 v3.12 biblatex bibliography style (PK/MW)
Package biblatex Info: Trying to load bibliography style 'standard'...
Package biblatex Info: ... file 'standard.bbx' found.

("C:\Program Files\MiKTeX 2.9\tex/latex/biblatex/bbx\standard.bbx"
File: standard.bbx 2018/11/02 v3.12 biblatex bibliography style (PK/MW)
\c@bbx:relatedcount=\count276
\c@bbx:relatedtotal=\count277
))
Package biblatex Info: Trying to load citation style 'numeric'...
Package biblatex Info: ... file 'numeric.cbx' found.

("C:\Program Files\MiKTeX 2.9\tex/latex/biblatex/cbx\numeric.cbx"
File: numeric.cbx 2018/11/02 v3.12 biblatex citation style (PK/MW)
Package biblatex Info: Redefining '\cite'.
Package biblatex Info: Redefining '\parencite'.
Package biblatex Info: Redefining '\footcite'.
Package biblatex Info: Redefining '\footcitetext'.
Package biblatex Info: Redefining '\smartcite'.
Package biblatex Info: Redefining '\supercite'.
Package biblatex Info: Redefining '\textcite'.
Package biblatex Info: Redefining '\textcites'.
Package biblatex Info: Redefining '\cites'.
Package biblatex Info: Redefining '\parencites'.
Package biblatex Info: Redefining '\smartcites'.
)
Package biblatex Info: Trying to load configuration file...
Package biblatex Info: ... file 'biblatex.cfg' found.

("C:\Program Files\MiKTeX 2.9\tex/latex/biblatex\biblatex.cfg"
File: biblatex.cfg 
))
("C:\Program Files\MiKTeX 2.9\tex/latex/xcolor\xcolor.sty"
Package: xcolor 2016/05/11 v2.12 LaTeX color extensions (UK)

("C:\Program Files\MiKTeX 2.9\tex/latex/graphics-cfg\color.cfg"
File: color.cfg 2016/01/02 v1.6 sample color configuration
)
Package xcolor Info: Driver file: pdftex.def on input line 225.

("C:\Program Files\MiKTeX 2.9\tex/latex/graphics-def\pdftex.def"
File: pdftex.def 2018/01/08 v1.0l Graphics/color driver for pdftex
)
Package xcolor Info: Model `cmy' substituted by `cmy0' on input line 1348.
Package xcolor Info: Model `hsb' substituted by `rgb' on input line 1352.
Package xcolor Info: Model `RGB' extended on input line 1364.
Package xcolor Info: Model `HTML' substituted by `rgb' on input line 1366.
Package xcolor Info: Model `Hsb' substituted by `hsb' on input line 1367.
Package xcolor Info: Model `tHsb' substituted by `hsb' on input line 1368.
Package xcolor Info: Model `HSB' substituted by `hsb' on input line 1369.
Package xcolor Info: Model `Gray' substituted by `gray' on input line 1370.
Package xcolor Info: Model `wave' substituted by `hsb' on input line 1371.
)
("C:\Program Files\MiKTeX 2.9\tex/latex/fancyhdr\fancyhdr.sty"
Package: fancyhdr 2019/01/31 v3.10 Extensive control of page headers and footer
s
\f@nch@headwidth=\skip65
\f@nch@O@elh=\skip66
\f@nch@O@erh=\skip67
\f@nch@O@olh=\skip68
\f@nch@O@orh=\skip69
\f@nch@O@elf=\skip70
\f@nch@O@erf=\skip71
\f@nch@O@olf=\skip72
\f@nch@O@orf=\skip73
)
Package biblatex Info: Trying to load language 'english'...
Package biblatex Info: ... file 'english.lbx' found.

("C:\Program Files\MiKTeX 2.9\tex/latex/biblatex/lbx\english.lbx"
File: english.lbx 2018/11/02 v3.12 biblatex localization (PK/MW)
)
\@quotelevel=\count278
\@quotereset=\count279
 (main.aux
(introduction.aux) (Interviews/poldek.aux) (Interviews/jakub.aux)
(Interviews/linyal.aux) (Interviews/gienia.aux) (Interviews/geballe.aux)
(Interviews/bogojavlenska.aux) (Interviews/liberov.aux)
(Interviews/toellner.aux) (Interviews/wezel.aux) (Interviews/runce.aux)
(Interviews/urbanovics.aux) (Interviews/lensky.aux) (Interviews/nollendorfs.aux
) (Interviews/krelins.aux) (Interviews/zajda.aux) (Interviews/huber.aux)
(Interviews/czupryna.aux) (Interviews/setkiewicz.aux) (Interviews/bilewicz.aux)
(Interviews/ruszkowska.aux) (Interviews/stoll.aux) (Interviews/gajdzik.aux)
(Interviews/klimowicz.aux) (Interviews/fornal.aux) (Interviews/trier.aux))
\openout1 = `main.aux'.

LaTeX Font Info:    Checking defaults for OML/cmm/m/it on input line 24.
LaTeX Font Info:    ... okay on input line 24.
LaTeX Font Info:    Checking defaults for T1/cmr/m/n on input line 24.
LaTeX Font Info:    ... okay on input line 24.
LaTeX Font Info:    Checking defaults for OT1/cmr/m/n on input line 24.
LaTeX Font Info:    ... okay on input line 24.
LaTeX Font Info:    Checking defaults for OMS/cmsy/m/n on input line 24.
LaTeX Font Info:    ... okay on input line 24.
LaTeX Font Info:    Checking defaults for OMX/cmex/m/n on input line 24.
LaTeX Font Info:    ... okay on input line 24.
LaTeX Font Info:    Checking defaults for U/cmr/m/n on input line 24.
LaTeX Font Info:    ... okay on input line 24.
Package biblatex Info: Input encoding 'utf8' detected.
Package biblatex Info: Automatic encoding selection.
(biblatex)             Assuming data encoding 'utf8'.
\openout3 = `main.bcf'.

Package biblatex Info: Trying to load bibliographic data...
Package biblatex Info: ... file 'main.bbl' found.

(main.bbl

Package biblatex Warning: Biber reported the following issues
(biblatex)                with 'AntiDefamationLeague.':
(biblatex)                - Entry 'AntiDefamationLeague.' (./bibliography.bib):
 Invalid format '22.07.2019' of date field 'urldate' - ignoring.


Package biblatex Warning: Biber reported the following issues
(biblatex)                with 'Bolin.2012':
(biblatex)                - Entry 'Bolin.2012' (./bibliography.bib): Invalid fo
rmat '24.07.2019' of date field 'urldate' - ignoring.


Package biblatex Warning: Biber reported the following issues
(biblatex)                with 'EuropeanCommissionagainstRacismandIntolerance.0
5.03.2019':
(biblatex)                - Entry 'EuropeanCommissionagainstRacismandIntoleranc
e.05.03.2019' (./bibliography.bib): Invalid format '05.03.2019' of date field '
date' - ignoring.


Package biblatex Warning: Biber reported the following issues
(biblatex)                with 'EuropeanCommissionagainstRacismandIntolerance.0
5.03.2019':
(biblatex)                - Entry 'EuropeanCommissionagainstRacismandIntoleranc
e.05.03.2019' (./bibliography.bib): Invalid format '25.07.2019' of date field '
urldate' - ignoring.


Package biblatex Warning: Biber reported the following issues
(biblatex)                with 'EuropeanUnionAgencyforFundamentalRights.2019':
(biblatex)                - Entry 'EuropeanUnionAgencyforFundamentalRights.2019
' (./bibliography.bib): Invalid format '22.07.2019' of date field 'urldate' - i
gnoring.


Package biblatex Warning: Biber reported the following issues
(biblatex)                with '.12.06.2019':
(biblatex)                - Entry '.12.06.2019' (./bibliography.bib): Invalid f
ormat '12.08.2019' of date field 'urldate' - ignoring.


Package biblatex Warning: Biber reported the following issues
(biblatex)                with 'Gabre.23.05.2019':
(biblatex)                - Entry 'Gabre.23.05.2019' (./bibliography.bib): Inva
lid format '12.08.2019' of date field 'urldate' - ignoring.


Package biblatex Warning: Biber reported the following issues
(biblatex)                with 'Merritt.11.06.2019':
(biblatex)                - Entry 'Merritt.11.06.2019' (./bibliography.bib): In
valid format '02.08.2019' of date field 'urldate' - ignoring.


Package biblatex Warning: Biber reported the following issues
(biblatex)                with 'SupremeCourtofTheRepublicofLatvia.22.10.2018':
(biblatex)                - Entry 'SupremeCourtofTheRepublicofLatvia.22.10.2018
' (./bibliography.bib): Invalid format '22.10.2018' of date field 'date' - igno
ring.


Package biblatex Warning: Biber reported the following issues
(biblatex)                with 'SupremeCourtofTheRepublicofLatvia.22.10.2018':
(biblatex)                - Entry 'SupremeCourtofTheRepublicofLatvia.22.10.2018
' (./bibliography.bib): Invalid format '25.07.2019' of date field 'urldate' - i
gnoring.


Package biblatex Warning: Biber reported the following issues
(biblatex)                with 'Neiburgs.27.01.2019':
(biblatex)                - Entry 'Neiburgs.27.01.2019' (./bibliography.bib): I
nvalid format '12.08.2019' of date field 'urldate' - ignoring.


Package biblatex Warning: Biber reported the following issues
(biblatex)                with 'OrganisationofSecurityandCooperationindEurope.'
:
(biblatex)                - Entry 'OrganisationofSecurityandCooperationindEurop
e.' (./bibliography.bib): Invalid format '22.07.2019' of date field 'urldate' -
 ignoring.


Package biblatex Warning: Biber reported the following issues
(biblatex)                with '.16.06.2019':
(biblatex)                - Entry '.16.06.2019' (./bibliography.bib): Invalid f
ormat '12.08.2019' of date field 'urldate' - ignoring.


Package biblatex Warning: Biber reported the following issues
(biblatex)                with 'BundesministeriumdesInnerenfurBauundHeimat.2019
':
(biblatex)                - Entry 'BundesministeriumdesInnerenfurBauundHeimat.2
019' (./bibliography.bib): Invalid format '22.07.2019' of date field 'urldate' 
- ignoring.


Package biblatex Warning: Biber reported the following issues
(biblatex)                with '.21.06.2019':
(biblatex)                - Entry '.21.06.2019' (./bibliography.bib): Invalid f
ormat '12.08.2019' of date field 'urldate' - ignoring.


Package biblatex Warning: Biber reported the following issues
(biblatex)                with 'KantarPublicBrussels.2019':
(biblatex)                - Entry 'KantarPublicBrussels.2019' (./bibliography.b
ib): Invalid format '22.07.2019' of date field 'urldate' - ignoring.

)
Package biblatex Info: Reference section=0 on input line 24.
Package biblatex Info: Reference segment=0 on input line 24.
 ("C:\Program Files\MiKTeX 2.9\tex/context/base/mkii\supp-pdf.mkii"
[Loading MPS to PDF converter (version 2006.09.02).]
\scratchcounter=\count280
\scratchdimen=\dimen103
\scratchbox=\box28
\nofMPsegments=\count281
\nofMParguments=\count282
\everyMPshowfont=\toks17
\MPscratchCnt=\count283
\MPscratchDim=\dimen104
\MPnumerator=\count284
\makeMPintoPDFobject=\count285
\everyMPtoPDFconversion=\toks18
) [1


{C:/Users/Dr. Maglock/AppData/Local/MiKTeX/2.9/pdftex/config/pdftex.map}]
[2

] (main.toc
LaTeX Font Info:    External font `cmex10' loaded for size
(Font)              <7> on input line 3.
LaTeX Font Info:    External font `cmex10' loaded for size
(Font)              <5> on input line 3.

Underfull \vbox (badness 5924) has occurred while \output is active []

 [3])
\tf@toc=\write4
\openout4 = `main.toc'.


[4]
\openout2 = `./introduction.aux'.

 (introduction.tex [5

] [6]
LaTeX Font Info:    External font `cmex10' loaded for size
(Font)              <8> on input line 16.
LaTeX Font Info:    External font `cmex10' loaded for size
(Font)              <6> on input line 16.
 [7] [8] [9]
Underfull \vbox (badness 10000) has occurred while \output is active []

 [10]
[11] [12]
LaTeX Font Info:    Try loading font information for OMS+cmr on input line 38.
 ("C:\Program Files\MiKTeX 2.9\tex/latex/base\omscmr.fd"
File: omscmr.fd 2014/09/29 v2.5h Standard LaTeX font definitions
)
LaTeX Font Info:    Font shape `OMS/cmr/m/it' in size <10> not available
(Font)              Font shape `OMS/cmsy/m/n' tried instead on input line 38.
LaTeX Font Info:    Font shape `OMS/cmr/m/n' in size <10> not available
(Font)              Font shape `OMS/cmsy/m/n' tried instead on input line 38.
) [13]
\openout2 = `./Interviews/poldek.aux'.


(Interviews/poldek.tex
Overfull \hbox (9.95776pt too wide) in paragraph at lines 8--9
[]\T1/cmr/bx/n/10 Jakie ma Pan pier-wsze wspom-nienia, takie na-j-ciekawsze, na
-jpi¦kniejsze,
 []


Underfull \vbox (badness 10000) has occurred while \output is active []

 [14


]
Overfull \hbox (6.5086pt too wide) in paragraph at lines 24--25
[]\T1/cmr/bx/n/10 Jak Pan wspom-ina kon-takty z mªodzie»¡ z in-nych szkóª, z ró
wie±nikami,
 []


Overfull \hbox (0.24672pt too wide) in paragraph at lines 34--35
[]\T1/cmr/bx/n/10 Poldek: \T1/cmr/m/n/10 Na ul-icy Grze-gorzews-kich, w pier-ws
zym rogu. Dzisiaj tam si¦ zmieniªo,
 []


Underfull \vbox (badness 10000) has occurred while \output is active []

 [15]
Underfull \vbox (badness 10000) has occurred while \output is active []

 [16]
Overfull \hbox (19.98865pt too wide) in paragraph at lines 80--81
[]\T1/cmr/bx/n/10 Czy spo-tykaª si¦ Pan z tym, »e cho-cia» Ko±-cióª w jaki± spo
sób, bezpo±redni
 []


Underfull \vbox (badness 10000) has occurred while \output is active []

 [17]
Underfull \vbox (badness 10000) has occurred while \output is active []

 [18]
Underfull \vbox (badness 10000) has occurred while \output is active []

 [19]
Overfull \hbox (3.04695pt too wide) in paragraph at lines 123--124
[]\T1/cmr/bx/n/10 Poldek: \T1/cmr/m/n/10 Tam nam po-ma-gali, znaczy mieli po-ma
-ga¢ wi¦cej, ale mo»na powiedzie¢
 []


Underfull \vbox (badness 10000) has occurred while \output is active []

 [20]
Underfull \vbox (badness 10000) has occurred while \output is active []

 [21]
Overfull \hbox (2.8433pt too wide) in paragraph at lines 159--160
[]\T1/cmr/bx/n/10 Poldek: \T1/cmr/m/n/10 Mieli±my znowu wielkie szcz¦±-cie. Uci
ek-li±my w nocy i szli±my piechot¡,
 []


Underfull \vbox (badness 10000) has occurred while \output is active []

 [22]
Underfull \vbox (badness 10000) has occurred while \output is active []

 [23]
Underfull \vbox (badness 10000) has occurred while \output is active []

 [24]
Underfull \vbox (badness 10000) has occurred while \output is active []

 [25])
[26]
\openout2 = `./Interviews/jakub.aux'.

 (Interviews/jakub.tex
Underfull \vbox (badness 10000) has occurred while \output is active []

 [27


]
Underfull \vbox (badness 10000) has occurred while \output is active []

 [28])
[29]
\openout2 = `./Interviews/linyal.aux'.

 (Interviews/linyal.tex
Underfull \vbox (badness 1509) has occurred while \output is active []

 [30


]
Overfull \hbox (0.56609pt too wide) in paragraph at lines 35--36
[]\T1/cmr/bx/n/10 Miriam: \T1/cmr/m/n/10 Przy-jechaªam do getta ªódzkiego z rod
z-in¡. Moja caªa rodz-ina zgin¦ªa.
 []


Underfull \vbox (badness 10000) has occurred while \output is active []

 [31]
Underfull \vbox (badness 10000) has occurred while \output is active []

 [32]
Underfull \vbox (badness 10000) has occurred while \output is active []

 [33]
Overfull \hbox (3.99934pt too wide) in paragraph at lines 103--104
[]\T1/cmr/bx/n/10 Miriam: \T1/cmr/m/n/10 Teraz mieszkaj¡. A jedna rzecz mi si¦ 
nie podobaªa w Polsce. Powiedzi-
 []


Underfull \vbox (badness 10000) has occurred while \output is active []

 [34])
[35]
\openout2 = `./Interviews/gienia.aux'.

 (Interviews/gienia.tex [36


] [37]) [38]
\openout2 = `./Interviews/geballe.aux'.

 (Interviews/geballe.tex
Underfull \vbox (badness 10000) has occurred while \output is active []

 [39


]
Underfull \vbox (badness 10000) has occurred while \output is active []

 [40]
Underfull \vbox (badness 10000) has occurred while \output is active []

 [41]
Overfull \hbox (5.46072pt too wide) in paragraph at lines 49--50
\T1/cmr/m/n/10 Arten von Kom-mentaren. Ein-mal die mus-lim-isch geprägten, die 
de-mentsprechend
 []


Underfull \vbox (badness 10000) has occurred while \output is active []

 [42]
Underfull \vbox (badness 10000) has occurred while \output is active []

 [43]
Overfull \hbox (3.44269pt too wide) in paragraph at lines 69--70
\T1/cmr/m/n/10 Klien-tel ist ein ganz an-deres, das muss natür-lich auch de-men
tsprechend angepasst
 []


Overfull \hbox (10.99779pt too wide) in paragraph at lines 71--72
\T1/cmr/bx/n/10 mein per-sön-licher Ein-druck war, dass das Ver-hält-nis zwis-c
hen deutschen
 []


Underfull \vbox (badness 10000) has occurred while \output is active []

 [44]
Overfull \hbox (7.52225pt too wide) in paragraph at lines 75--76
[]\T1/cmr/bx/n/10 Was genau wird am Helene-Lange-Gymnasium an diesem Tag gemach
t? 
 []


Underfull \vbox (badness 10000) has occurred while \output is active []

 [45]
Overfull \hbox (4.07912pt too wide) in paragraph at lines 91--92
\T1/cmr/bx/n/10 das Wis-sen war wirk-lich gle-ich Null, also er-schreck-end sch
wach. Haben
 []

[46]
Underfull \vbox (badness 10000) has occurred while \output is active []

 [47]
Underfull \vbox (badness 10000) has occurred while \output is active []

 [48]
Underfull \vbox (badness 10000) has occurred while \output is active []

 [49]
Overfull \hbox (14.58025pt too wide) in paragraph at lines 154--155
[]\T1/cmr/bx/n/10 Werden die an-ti-semi-tis-chen An-griffe, die sie miter-leben
, gegen Gemeinde
 []


Underfull \vbox (badness 10000) has occurred while \output is active []

 [50]
Overfull \hbox (19.93727pt too wide) in paragraph at lines 166--167
[]\T1/cmr/bx/n/10 Würden Sie den spon-ta-nen An-ti-semitismus nur Leuten, die a
ls Flüchtlinge
 []

) [51]
\openout2 = `./Interviews/bogojavlenska.aux'.

 (Interviews/bogojavlenska.tex
Underfull \vbox (badness 1478) has occurred while \output is active []

 [52


]
Overfull \hbox (1.54454pt too wide) in paragraph at lines 15--16
[]\T1/cmr/bx/n/10 Sind ihre Klassenkam-er-aden alleine aus-ge-wan-dert oder mit
 ihren Fam-
 []


Underfull \vbox (badness 10000) has occurred while \output is active []

 [53]
Overfull \hbox (4.00644pt too wide) in paragraph at lines 31--34
[]\T1/cmr/bx/n/10 Svetlana Bo-go-javlen-ska: \T1/cmr/m/n/10 Die über-wiegende M
ehrheit hat Jid-disch gesprochen.
 []

[54] [55]
Overfull \hbox (12.78116pt too wide) in paragraph at lines 51--52
[]\T1/cmr/bx/n/10 Sie sagen "`miteinan-der in Kon-takt"'? Gab es auch famil-iär
e Verbindun-
 []

[56]
Underfull \vbox (badness 10000) has occurred while \output is active []

 [57]
[58]
Overfull \hbox (12.1813pt too wide) in paragraph at lines 79--82
\T1/cmr/m/n/10 semitismus, der auch nach dem Krieg Durch-schlag hatte. Z.B. gin
g die Pogromwelle
 []


Overfull \hbox (16.94217pt too wide) in paragraph at lines 83--84
[]\T1/cmr/bx/n/10 Kann man dann sagen, dass der An-ti-semitismus in der Zwis-ch
enkriegszeit
 []


Overfull \hbox (1.3682pt too wide) in paragraph at lines 85--86
[]\T1/cmr/bx/n/10 Svetlana Bo-go-javlen-ska: \T1/cmr/m/n/10 Vom An-ti-semitismu
s in der Zwis-chenkriegszeit halte
 []


Underfull \vbox (badness 10000) has occurred while \output is active []

 [59]
Underfull \vbox (badness 10000) has occurred while \output is active []

 [60]
[61]
Overfull \hbox (8.2068pt too wide) in paragraph at lines 106--107
[]\T1/cmr/bx/n/10 Gab es in-ner-halb der Frei-willi-gen-ver-bände im Nach-hinei
n ir-gendwelche,
 []

[62]
Overfull \hbox (11.15378pt too wide) in paragraph at lines 112--114
\T1/cmr/m/n/10 gröÿte Volk unter allen Völk-ern der Sow-je-tu-nion sei. Und jed
er, der das bezweifelte,
 []


Underfull \vbox (badness 10000) has occurred while \output is active []

 [63]
Underfull \vbox (badness 10000) has occurred while \output is active []

 [64]
Underfull \vbox (badness 10000) has occurred while \output is active []

 [65]
[66]
Underfull \vbox (badness 10000) has occurred while \output is active []

 [67]
Overfull \hbox (7.76572pt too wide) in paragraph at lines 169--170
[]\T1/cmr/bx/n/10 Und wie groÿ ist das Prob-lem-be-wusst-sein? Wie sehr ist An-
ti-semitismus
 []


Underfull \hbox (badness 10000) in paragraph at lines 177--177
[][]\T1/cmr/m/n/8 Die Ausstel-lung ist auf der In-ter-net-seite des Mu-se-ums d
ig-i-tal zugänglich:
 []


Underfull \vbox (badness 10000) has occurred while \output is active []

 [68])
[69] [70]
\openout2 = `./Interviews/liberov.aux'.

 (Interviews/liberov.tex [71


]
Underfull \vbox (badness 10000) has occurred while \output is active []

 [72]
Underfull \vbox (badness 10000) has occurred while \output is active []

 [73]
Underfull \vbox (badness 10000) has occurred while \output is active []

 [74])
[75]
\openout2 = `./Interviews/toellner.aux'.

 (Interviews/toellner.tex
Underfull \vbox (badness 10000) has occurred while \output is active []

 [76


]
Underfull \vbox (badness 10000) has occurred while \output is active []



Package Fancyhdr Warning: \headheight is too small (12.0pt): 
Make it at least 12.51453pt.
We now make it that large for the rest of the document.
This may cause the page layout to be inconsistent, however.

[77] [78]
Underfull \vbox (badness 10000) has occurred while \output is active []

 [79]
Underfull \vbox (badness 10000) has occurred while \output is active []

 [80]
Underfull \vbox (badness 10000) has occurred while \output is active []

 [81]
Overfull \hbox (5.71031pt too wide) in paragraph at lines 58--59
\T1/cmr/bx/n/10 aufgenom-men mit Nach-fahren der Ju-den, die jetzt in den USA w
ohnen,
 []


Underfull \vbox (badness 10000) has occurred while \output is active []

 [82]
Overfull \hbox (1.67784pt too wide) in paragraph at lines 67--68
[]\T1/cmr/bx/n/10 Jetzt ist ja zum Glück ein di-rek-ter, of-fener An-ti-semitis
mus in Deutsch-
 []


Underfull \vbox (badness 10000) has occurred while \output is active []

 [83]
Underfull \vbox (badness 10000) has occurred while \output is active []

 [84]
[85]
Overfull \hbox (2.04025pt too wide) in paragraph at lines 97--98
[]\T1/cmr/bx/n/10 Axel Töll-ner: \T1/cmr/m/n/10 Ja, und das Prob-lem ist, je in
-ten-siver man sich damit beschäftigt,
 []

)
Underfull \vbox (badness 10000) has occurred while \output is active []

 [86]
[87]
\openout2 = `./Interviews/wezel.aux'.

 (Interviews/wezel.tex [88


]
Overfull \hbox (5.51163pt too wide) in paragraph at lines 17--18
[]\T1/cmr/bx/n/10 Wenn Min-der-heiten über die Sprache definiert wur-den, gal-t
en deutsch-
 []


Underfull \vbox (badness 2970) has occurred while \output is active []

 [89]
Underfull \vbox (badness 10000) has occurred while \output is active []

 [90]
[91]
Underfull \vbox (badness 10000) has occurred while \output is active []

 [92]
Underfull \vbox (badness 10000) has occurred while \output is active []

 [93]
Overfull \hbox (3.31633pt too wide) in paragraph at lines 49--50
\T1/cmr/bx/n/10 Aber trotz-dem gab es An-ti-semitismus und Ju-den-ver-fol-gung 
auch unter
 []


Underfull \vbox (badness 10000) has occurred while \output is active []

 [94]
[95]
Overfull \hbox (6.76132pt too wide) in paragraph at lines 65--66
[]\T1/cmr/bx/n/10 Katja Wezel: \T1/cmr/m/n/10 Das Prob-lem ist, dass es nur ein
e Hand-voll Holocaust-Überlebende
 []


Underfull \vbox (badness 10000) has occurred while \output is active []

 [96])
[97]
\openout2 = `./Interviews/runce.aux'.

 (Interviews/runce.tex [98


]
Underfull \vbox (badness 10000) has occurred while \output is active []

 [99]
Underfull \vbox (badness 10000) has occurred while \output is active []

 [100])
Underfull \vbox (badness 10000) has occurred while \output is active []

 [101]
[102]
\openout2 = `./Interviews/urbanovics.aux'.

 (Interviews/urbanovics.tex
Underfull \hbox (badness 10000) in paragraph at lines 7--24

 []


Underfull \hbox (badness 10000) in paragraph at lines 7--24

 []


Underfull \hbox (badness 10000) in paragraph at lines 7--24

 []


Underfull \hbox (badness 10000) in paragraph at lines 7--24

 []


Underfull \vbox (badness 3895) has occurred while \output is active []



Package Fancyhdr Warning: \headheight is too small (12.51453pt): 
Make it at least 12.81606pt.
We now make it that large for the rest of the document.
This may cause the page layout to be inconsistent, however.

[103


]
Underfull \hbox (badness 10000) in paragraph at lines 34--39

 []


Underfull \vbox (badness 10000) has occurred while \output is active []

 [104]
Underfull \vbox (badness 10000) has occurred while \output is active []

 [105]
Overfull \hbox (51.7272pt too wide) in paragraph at lines 117--121
\T1/cmr/m/n/10 vi[]am. Li-dot	ajs Cukurs, kur² bija Ar	aja..., nu, kas nodar-bo
j	as ar ebreju...em...antisem	tismu
 []


Underfull \vbox (badness 10000) has occurred while \output is active []

 [106]
Underfull \vbox (badness 10000) has occurred while \output is active []

 [107]
Underfull \vbox (badness 10000) has occurred while \output is active []

 [108])
[109]
\openout2 = `./Interviews/lensky.aux'.

 (Interviews/lensky.tex
Underfull \vbox (badness 10000) has occurred while \output is active []

 [110


]
Underfull \vbox (badness 10000) has occurred while \output is active []

 [111]
Underfull \vbox (badness 10000) has occurred while \output is active []

 [112]
Underfull \vbox (badness 10000) has occurred while \output is active []

 [113]
Underfull \vbox (badness 10000) has occurred while \output is active []

 [114]
Underfull \vbox (badness 10000) has occurred while \output is active []

 [115]
Underfull \vbox (badness 10000) has occurred while \output is active []

 [116]
Underfull \vbox (badness 10000) has occurred while \output is active []

 [117]
Overfull \hbox (2.32538pt too wide) in paragraph at lines 77--78
[]\T1/cmr/bx/n/10 Is there no tra-di-tional Lutheran anti-Semitism? You know th
at Luther
 []


Underfull \vbox (badness 3088) has occurred while \output is active []

 [118]
Underfull \vbox (badness 10000) has occurred while \output is active []

 [119]
Underfull \vbox (badness 10000) has occurred while \output is active []

 [120]
Underfull \vbox (badness 10000) has occurred while \output is active []

 [121]
[122]
Underfull \vbox (badness 10000) has occurred while \output is active []

 [123]
Underfull \vbox (badness 10000) has occurred while \output is active []

 [124]
Underfull \vbox (badness 10000) has occurred while \output is active []

 [125])
[126]
\openout2 = `./Interviews/nollendorfs.aux'.

 (Interviews/nollendorfs.tex
Underfull \vbox (badness 10000) has occurred while \output is active []

 [127


]
Underfull \vbox (badness 10000) has occurred while \output is active []

 [128]
[129] [130]
Underfull \vbox (badness 10000) has occurred while \output is active []

 [131]
Underfull \vbox (badness 10000) has occurred while \output is active []

 [132]
Underfull \vbox (badness 10000) has occurred while \output is active []

 [133]
[134])
Underfull \vbox (badness 10000) has occurred while \output is active []

 [135]
[136]
\openout2 = `./Interviews/krelins.aux'.

 (Interviews/krelins.tex [137


]
Underfull \vbox (badness 10000) has occurred while \output is active []

 [138]
Underfull \vbox (badness 10000) has occurred while \output is active []

 [139]
Underfull \vbox (badness 10000) has occurred while \output is active []

 [140]
Underfull \vbox (badness 10000) has occurred while \output is active []

 [141]
Underfull \vbox (badness 10000) has occurred while \output is active []

 [142])
[143]
\openout2 = `./Interviews/zajda.aux'.

 (Interviews/zajda.tex
Underfull \vbox (badness 10000) has occurred while \output is active []

 [144


]
Underfull \vbox (badness 10000) has occurred while \output is active []

 [145])
[146]
\openout2 = `./Interviews/huber.aux'.

 (Interviews/huber.tex [147


] [148] [149]
Underfull \vbox (badness 10000) has occurred while \output is active []

 [150]
Underfull \vbox (badness 10000) has occurred while \output is active []

 [151]
Underfull \vbox (badness 10000) has occurred while \output is active []

 [152]
Underfull \vbox (badness 10000) has occurred while \output is active []

 [153])
Underfull \vbox (badness 10000) has occurred while \output is active []

 [154]
[155]
\openout2 = `./Interviews/czupryna.aux'.

 (Interviews/czupryna.tex
Underfull \vbox (badness 10000) has occurred while \output is active []

 [156


]
Overfull \hbox (3.44824pt too wide) in paragraph at lines 20--20
\T1/cmr/bx/n/10 me-dia say that Pol-ish anti-Semitism op-er-ates on a ver-bal l
evel, mostly?
 []


Underfull \vbox (badness 10000) has occurred while \output is active []

 [157]
Underfull \vbox (badness 10000) has occurred while \output is active []

 [158]
Underfull \vbox (badness 10000) has occurred while \output is active []

 [159]
Underfull \vbox (badness 10000) has occurred while \output is active []

 [160]
Underfull \vbox (badness 10000) has occurred while \output is active []

 [161]
Underfull \vbox (badness 10000) has occurred while \output is active []

 [162]
Underfull \vbox (badness 10000) has occurred while \output is active []

 [163]
Underfull \vbox (badness 10000) has occurred while \output is active []

 [164]
Underfull \vbox (badness 10000) has occurred while \output is active []

 [165])
Underfull \vbox (badness 10000) has occurred while \output is active []

 [166]
[167]
\openout2 = `./Interviews/setkiewicz.aux'.

 (Interviews/setkiewicz.tex [168


] [169] [170] [171]
Underfull \vbox (badness 10000) has occurred while \output is active []

 [172]
Underfull \vbox (badness 10000) has occurred while \output is active []

 [173]
[174])
Underfull \vbox (badness 10000) has occurred while \output is active []

 [175]
[176]
\openout2 = `./Interviews/bilewicz.aux'.

 (Interviews/bilewicz.tex
Underfull \vbox (badness 10000) has occurred while \output is active []

 [177


]
Underfull \vbox (badness 10000) has occurred while \output is active []

 [178]
Underfull \vbox (badness 10000) has occurred while \output is active []

 [179]
Underfull \vbox (badness 10000) has occurred while \output is active []

 [180]
Underfull \vbox (badness 10000) has occurred while \output is active []

 [181]
Underfull \vbox (badness 10000) has occurred while \output is active []

 [182]
[183]
Underfull \vbox (badness 10000) has occurred while \output is active []

 [184]
[185]
Underfull \vbox (badness 10000) has occurred while \output is active []

 [186]
Underfull \vbox (badness 10000) has occurred while \output is active []

 [187]
Underfull \vbox (badness 10000) has occurred while \output is active []

 [188])
Underfull \vbox (badness 10000) has occurred while \output is active []

 [189]
[190]
\openout2 = `./Interviews/ruszkowska.aux'.

 (Interviews/ruszkowska.tex
Underfull \vbox (badness 10000) has occurred while \output is active []

 [191


]
Underfull \vbox (badness 10000) has occurred while \output is active []

 [192]
Underfull \vbox (badness 10000) has occurred while \output is active []

 [193]
Underfull \vbox (badness 10000) has occurred while \output is active []

 [194]
[195]
Underfull \vbox (badness 10000) has occurred while \output is active []

 [196])
[197]
\openout2 = `./Interviews/stoll.aux'.

 (Interviews/stoll.tex
Underfull \vbox (badness 10000) has occurred while \output is active []

 [198


]
Underfull \vbox (badness 10000) has occurred while \output is active []

 [199]
Overfull \hbox (3.4774pt too wide) in paragraph at lines 19--20
[]\T1/cmr/bx/n/10 Katrin Stoll: \T1/cmr/m/n/10 No, of course, no-body negates i
t, no-body would negate Auschwitz.
 []


Underfull \vbox (badness 10000) has occurred while \output is active []

 [200]
Underfull \vbox (badness 10000) has occurred while \output is active []

 [201]
Underfull \vbox (badness 10000) has occurred while \output is active []

 [202]
Underfull \hbox (badness 10000) in paragraph at lines 35--36

 []


Underfull \vbox (badness 10000) has occurred while \output is active []

 [203]
Underfull \vbox (badness 10000) has occurred while \output is active []

 [204]
Underfull \vbox (badness 10000) has occurred while \output is active []

 [205]
Underfull \vbox (badness 10000) has occurred while \output is active []

 [206]
Underfull \vbox (badness 10000) has occurred while \output is active []

 [207]
Underfull \vbox (badness 10000) has occurred while \output is active []

 [208]
Underfull \vbox (badness 10000) has occurred while \output is active []

 [209]
Underfull \vbox (badness 10000) has occurred while \output is active []

 [210])
Overfull \hbox (1.7256pt too wide) in paragraph at lines 134--65
\T1/cmr/m/n/10 Kiesinger a slap in the face say-ing, "`\T1/cmr/m/it/10 Nazi Kie
singer, ab-treten\T1/cmr/m/n/10 !"'  "`Step down!"',
 []

[211]
\openout2 = `./Interviews/gajdzik.aux'.

 (Interviews/gajdzik.tex
Underfull \vbox (badness 10000) has occurred while \output is active []

 [212


]
Overfull \hbox (0.785pt too wide) in paragraph at lines 15--16
[]\T1/cmr/bx/n/10 Bartosz Gajdzik: \T1/cmr/m/n/10 It's usu-ally some-thing be-t
ween pos-i-tive and neg-a-tive, there's
 []

[213]
Underfull \vbox (badness 10000) has occurred while \output is active []

 [214]
Underfull \vbox (badness 10000) has occurred while \output is active []

 [215]
Underfull \vbox (badness 10000) has occurred while \output is active []

 [216]
Underfull \vbox (badness 10000) has occurred while \output is active []

 [217])
Underfull \vbox (badness 10000) has occurred while \output is active []

 [218]
[219]
\openout2 = `./Interviews/klimowicz.aux'.

 (Interviews/klimowicz.tex
Underfull \vbox (badness 10000) has occurred while \output is active []

 [220


]
Underfull \vbox (badness 10000) has occurred while \output is active []

 [221]
Underfull \vbox (badness 10000) has occurred while \output is active []

 [222]
Underfull \vbox (badness 10000) has occurred while \output is active []

 [223]
Underfull \vbox (badness 10000) has occurred while \output is active []

 [224])
Underfull \vbox (badness 10000) has occurred while \output is active []

 [225]
[226]
\openout2 = `./Interviews/fornal.aux'.

 (Interviews/fornal.tex [227


] [228] [229]
Underfull \vbox (badness 10000) has occurred while \output is active []

 [230]
[231]
Underfull \vbox (badness 10000) has occurred while \output is active []

 [232])
[233]
\openout2 = `./Interviews/trier.aux'.

 (Interviews/trier.tex
Underfull \vbox (badness 10000) has occurred while \output is active []

 [234


]
Underfull \vbox (badness 10000) has occurred while \output is active []

 [235]
Underfull \vbox (badness 10000) has occurred while \output is active []

 [236]
Underfull \vbox (badness 10000) has occurred while \output is active []

 [237]
Overfull \hbox (4.9326pt too wide) in paragraph at lines 61--62
[]\T1/cmr/bx/n/10 Wo und wie hat ihr et-was über das Ju-den-tum, über jüdis-che
 Geschichte
 []


Underfull \vbox (badness 10000) has occurred while \output is active []

 [238]
Overfull \hbox (4.47716pt too wide) in paragraph at lines 75--75
[]\T1/cmr/bx/n/10 Haben eure El-tern euch et-was von an-ti-semi-tis-chen Er-leb
-nis-sen erzählt? 
 []


Underfull \vbox (badness 10000) has occurred while \output is active []

 [239]
Underfull \vbox (badness 10000) has occurred while \output is active []

 [240])
[241] [242


]
LaTeX Font Info:    Try loading font information for T1+cmtt on input line 71.
 ("C:\Program Files\MiKTeX 2.9\tex/latex/base\t1cmtt.fd"
File: t1cmtt.fd 2014/09/29 v2.5h Standard LaTeX font definitions
)
Overfull \hbox (14.5657pt too wide) in paragraph at lines 72--72
[]\T1/cmr/m/n/10 Heiko Beyer. ``The-o-rien der An-ti-semitismus-forschung: Eine
 Sys-tem-a-tisierung''.
 []


Overfull \hbox (10.92773pt too wide) in paragraph at lines 72--72
\T1/cmr/m/n/10 In: \T1/cmr/m/it/10 Köl-ner Zeitschrift für Sozi-olo-gie und Soz
ialpsy-cholo-gie \T1/cmr/m/n/10 67 (2015), pp. 573
 []


Overfull \hbox (1.75195pt too wide) in paragraph at lines 72--72
\T1/cmtt/m/n/10 occupied -[] latvia -[] 40 -[] million -[] euro -[] compensatio
n -[] proposed -[] 201901$\T1/cmr/m/n/10 . 
 []

[243]
Overfull \hbox (31.29944pt too wide) in paragraph at lines 72--72
[]\T1/cmr/m/n/10 ``Izbeidz li-etu pret Her-bertu Cukuru par iesp	ejamo l	dzdal
	bu ebreju izn	cin	a²an	a''.
 []


Overfull \hbox (2.49124pt too wide) in paragraph at lines 72--72
\T1/cmr/m/it/10 Geschichte der Ju-den in Eu-ropa. \T1/cmr/m/n/10 Wis-senschaftl
iche Buchge-sellschaft., 2001. 
 []


Overfull \hbox (10.05936pt too wide) in paragraph at lines 72--72
[]\T1/cmr/m/it/10 Naida runa un v	arda br	v	ba: Tiesu prakse krimin	alliet	as
 par Krimin	allikuma
 []


Overfull \hbox (15.78209pt too wide) in paragraph at lines 72--72
[]\T1/cmr/m/n/10 Uldis Neiburgs. ``Her-berts Cukurs -- slavens li-dot	ajs un/va
i kara noziedznieks?''
 []


Overfull \hbox (28.96716pt too wide) in paragraph at lines 72--72
\T1/cmtt/m/n/10 kriminalitaetsbekaempfung -[] und -[] gefahrenabwehr / politisc
h -[] motivierte -[]
 []

[244]
Overfull \hbox (6.63304pt too wide) in paragraph at lines 72--72
[]\T1/cmr/m/n/10 Piotr Zuk. ``Anti-Semitism in Poland, Yes-ter-day and To-day.'
' In: \T1/cmr/m/it/10 Race&Class
 []

[245] (main.aux (introduction.aux) (Interviews/poldek.aux)
(Interviews/jakub.aux) (Interviews/linyal.aux) (Interviews/gienia.aux)
(Interviews/geballe.aux) (Interviews/bogojavlenska.aux) (Interviews/liberov.aux
) (Interviews/toellner.aux) (Interviews/wezel.aux) (Interviews/runce.aux)
(Interviews/urbanovics.aux) (Interviews/lensky.aux) (Interviews/nollendorfs.aux
) (Interviews/krelins.aux) (Interviews/zajda.aux) (Interviews/huber.aux)
(Interviews/czupryna.aux) (Interviews/setkiewicz.aux) (Interviews/bilewicz.aux)
(Interviews/ruszkowska.aux) (Interviews/stoll.aux) (Interviews/gajdzik.aux)
(Interviews/klimowicz.aux) (Interviews/fornal.aux) (Interviews/trier.aux))
Package logreq Info: Writing requests to 'main.run.xml'.
\openout1 = `main.run.xml'.

 ) 
Here is how much of TeX's memory you used:
 9005 strings out of 492895
 162917 string characters out of 3133460
 660295 words of memory out of 3000000
 12666 multiletter control sequences out of 15000+200000
 21469 words of font info for 43 fonts, out of 3000000 for 9000
 1141 hyphenation exceptions out of 8191
 38i,13n,45p,9449b,1199s stack positions out of 5000i,500n,10000p,200000b,50000s
 <C:\Users\Dr. Maglock\AppData\Local\MiKTeX\2.9\fonts/pk/ljfour/jknappen/ec/d
pi600\ecti0500.pk> <C:\Users\Dr. Maglock\AppData\Local\MiKTeX\2.9\fonts/pk/ljfo
ur/jknappen/ec/dpi600\ectt1000.pk> <C:\Users\Dr. Maglock\AppData\Local\MiKTeX\2
.9\fonts/pk/ljfour/jknappen/ec/dpi600\eccc1000.pk> <C:\Users\Dr. Maglock\AppDat
a\Local\MiKTeX\2.9\fonts/pk/ljfour/jknappen/ec/dpi600\ecrm0500.pk> <C:\Users\Dr
. Maglock\AppData\Local\MiKTeX\2.9\fonts/pk/ljfour/jknappen/ec/dpi600\ecbi1000.
pk> <C:\Users\Dr. Maglock\AppData\Local\MiKTeX\2.9\fonts/pk/ljfour/jknappen/ec/
dpi600\ecbx1000.pk> <C:\Users\Dr. Maglock\AppData\Local\MiKTeX\2.9\fonts/pk/ljf
our/jknappen/ec/dpi600\ecrm0800.pk> <C:\Users\Dr. Maglock\AppData\Local\MiKTeX\
2.9\fonts/pk/ljfour/jknappen/ec/dpi600\ecti0800.pk> <C:\Users\Dr. Maglock\AppDa
ta\Local\MiKTeX\2.9\fonts/pk/ljfour/jknappen/ec/dpi600\ecrm0600.pk> <C:\Users\D
r. Maglock\AppData\Local\MiKTeX\2.9\fonts/pk/ljfour/jknappen/ec/dpi600\ecrm0700
.pk> <C:\Users\Dr. Maglock\AppData\Local\MiKTeX\2.9\fonts/pk/ljfour/jknappen/ec
/dpi600\ecti1000.pk> <C:\Users\Dr. Maglock\AppData\Local\MiKTeX\2.9\fonts/pk/lj
four/jknappen/ec/dpi600\ecbx1200.pk> <C:\Users\Dr. Maglock\AppData\Local\MiKTeX
\2.9\fonts/pk/ljfour/jknappen/ec/dpi600\ecbx1440.pk> <C:\Users\Dr. Maglock\AppD
ata\Local\MiKTeX\2.9\fonts/pk/ljfour/jknappen/ec/dpi600\ecrm1000.pk> <C:\Users\
Dr. Maglock\AppData\Local\MiKTeX\2.9\fonts/pk/ljfour/jknappen/ec/dpi600\ecbx248
8.pk> <C:\Users\Dr. Maglock\AppData\Local\MiKTeX\2.9\fonts/pk/ljfour/jknappen/e
c/dpi600\ecrm1200.pk> <C:\Users\Dr. Maglock\AppData\Local\MiKTeX\2.9\fonts/pk/l
jfour/jknappen/ec/dpi600\ecti1440.pk> <C:\Users\Dr. Maglock\AppData\Local\MiKTe
X\2.9\fonts/pk/ljfour/jknappen/ec/dpi600\ecbx2074.pk> <C:\Users\Dr. Maglock\App
Data\Local\MiKTeX\2.9\fonts/pk/ljfour/jknappen/ec/dpi600\eccc1728.pk><C:/Progra
m Files/MiKTeX 2.9/fonts/type1/public/amsfonts/cm/cmsy10.pfb><C:/Program Files/
MiKTeX 2.9/fonts/type1/public/eurosym/feymr10.pfb>
Output written on main.pdf (245 pages, 1028658 bytes).
PDF statistics:
 1602 PDF objects out of 1728 (max. 8388607)
 0 named destinations out of 1000 (max. 500000)
 1 words of extra memory for PDF output out of 10000 (max. 10000000)

